<?xml version="1.0" encoding="UTF-8"?>
<testng-results ignored="0" total="1" passed="1" failed="0" skipped="0">
  <reporter-output>
  </reporter-output>
  <suite started-at="2026-02-06T10:54:43 ICT" name="Default suite" finished-at="2026-02-06T10:54:52 ICT" duration-ms="8193">
    <groups>
    </groups>
    <test started-at="2026-02-06T10:54:43 ICT" name="Default test" finished-at="2026-02-06T10:54:52 ICT" duration-ms="8193">
      <class name="tests.GoogleTest">
        <test-method is-config="true" signature="setUp()[pri:0, instance:tests.GoogleTest@2a3b5b47]" started-at="2026-02-06T10:54:43 ICT" name="setUp" finished-at="2026-02-06T10:54:45 ICT" duration-ms="1226" status="PASS">
          <reporter-output>
          </reporter-output>
        </test-method> <!-- setUp -->
        <test-method signature="testLoginGoogle()[pri:0, instance:tests.GoogleTest@2a3b5b47]" started-at="2026-02-06T10:54:45 ICT" name="testLoginGoogle" description="Kiểm tra chuyển hướng sang trang Login Google" finished-at="2026-02-06T10:54:51 ICT" duration-ms="6653" status="PASS">
          <reporter-output>
          </reporter-output>
        </test-method> <!-- testLoginGoogle -->
        <test-method is-config="true" signature="tearDown()[pri:0, instance:tests.GoogleTest@2a3b5b47]" started-at="2026-02-06T10:54:51 ICT" name="tearDown" finished-at="2026-02-06T10:54:52 ICT" duration-ms="286" status="PASS">
          <reporter-output>
          </reporter-output>
        </test-method> <!-- tearDown -->
      </class> <!-- tests.GoogleTest -->
    </test> <!-- Default test -->
  </suite> <!-- Default suite -->
</testng-results>
