<?xml version="1.0" encoding="UTF-8"?>
<testng-results ignored="0" total="1" passed="1" failed="0" skipped="0">
  <reporter-output>
  </reporter-output>
  <suite started-at="2026-02-06T15:31:45 ICT" name="Default suite" finished-at="2026-02-06T15:31:54 ICT" duration-ms="8879">
    <groups>
    </groups>
    <test started-at="2026-02-06T15:31:45 ICT" name="Default test" finished-at="2026-02-06T15:31:54 ICT" duration-ms="8879">
      <class name="tests.TestLoginLab6">
        <test-method signature="runLab6()[pri:0, instance:tests.TestLoginLab6@5c6648b0]" started-at="2026-02-06T15:31:45 ICT" name="runLab6" finished-at="2026-02-06T15:31:54 ICT" duration-ms="8846" status="PASS">
          <reporter-output>
          </reporter-output>
        </test-method> <!-- runLab6 -->
      </class> <!-- tests.TestLoginLab6 -->
    </test> <!-- Default test -->
  </suite> <!-- Default suite -->
</testng-results>
