<?xml version="1.0" encoding="UTF-8"?>
<!-- Generated by org.testng.reporters.JUnitXMLReporter -->
<testsuite ignored="2" hostname="LAPTOP-PC09EOP8" failures="0" tests="1" name="Default test" time="8.193" errors="0" timestamp="2026-02-06T10:54:52 ICT">
  <testcase classname="tests.GoogleTest" name="testLoginGoogle" time="6.653"/>
  <testcase classname="tests.GoogleTest" name="testGoogleSearch" time="0.0">
    <ignored/>
  </testcase> <!-- testGoogleSearch -->
  <testcase classname="tests.GoogleTest" name="testGmailLinkDisplay" time="0.0">
    <ignored/>
  </testcase> <!-- testGmailLinkDisplay -->
</testsuite> <!-- Default test -->
